From https://github.com/justThinkRusty/Asteroid_Updates
 * branch            main       -> FETCH_HEAD
Already up to date.
Traceback (most recent call last):
  File "/home/pi/Documents/Asteroid_Updates/MBA_Updates.py", line 9, in <module>
    from auth import API_key_MBA, API_secret_MBA, token_MBA, secret_MBA
ModuleNotFoundError: No module named 'auth'
[main 2873029] Daily MBA updates push from Pi
 2 files changed, 11 insertions(+)
To https://github.com/justThinkRusty/Asteroid_Updates.git
   848fc32..2873029  main -> main
From https://github.com/justThinkRusty/Asteroid_Updates
 * branch            main       -> FETCH_HEAD
Already up to date.
Traceback (most recent call last):
  File "/home/pi/Documents/Asteroid_Updates/MBA_Updates.py", line 9, in <module>
    from auth import API_key_MBA, API_secret_MBA, token_MBA, secret_MBA
ModuleNotFoundError: No module named 'auth'
[main 4ab4c56] Daily MBA updates push from Pi
 2 files changed, 11 insertions(+)
To https://github.com/justThinkRusty/Asteroid_Updates.git
   6d49fce..4ab4c56  main -> main
From https://github.com/justThinkRusty/Asteroid_Updates
 * branch            main       -> FETCH_HEAD
Already up to date.
[main 20518ad] Daily MBA updates push from Pi
 2 files changed, 7 insertions(+)
To https://github.com/justThinkRusty/Asteroid_Updates.git
   fe22929..20518ad  main -> main
From https://github.com/justThinkRusty/Asteroid_Updates
 * branch            main       -> FETCH_HEAD
Already up to date.
[main f438797] Daily MBA updates push from Pi
 2 files changed, 7 insertions(+)
To https://github.com/justThinkRusty/Asteroid_Updates.git
   1ee49f3..f438797  main -> main
From https://github.com/justThinkRusty/Asteroid_Updates
 * branch            main       -> FETCH_HEAD
Already up to date.
[main 38ff9fc] Daily MBA updates push from Pi
 2 files changed, 7 insertions(+)
To https://github.com/justThinkRusty/Asteroid_Updates.git
   5fb49b2..38ff9fc  main -> main
From https://github.com/justThinkRusty/Asteroid_Updates
 * branch            main       -> FETCH_HEAD
Already up to date.
[main 7f6663e] Daily MBA updates push from Pi
 2 files changed, 7 insertions(+)
To https://github.com/justThinkRusty/Asteroid_Updates.git
   907aebe..7f6663e  main -> main
From https://github.com/justThinkRusty/Asteroid_Updates
 * branch            main       -> FETCH_HEAD
Already up to date.
[main 5152f31] Daily MBA updates push from Pi
 2 files changed, 7 insertions(+)
To https://github.com/justThinkRusty/Asteroid_Updates.git
   35a1f76..5152f31  main -> main
